<?xml version="1.0" encoding="UTF-8"?>
<testng-results skipped="0" failed="0" ignored="0" total="2" passed="2">
  <reporter-output>
  </reporter-output>
  <suite name="Default suite" duration-ms="8646" started-at="2019-12-30T00:30:28 GMT" finished-at="2019-12-30T00:30:37 GMT">
    <groups>
    </groups>
    <test name="Default test" duration-ms="8646" started-at="2019-12-30T00:30:28 GMT" finished-at="2019-12-30T00:30:37 GMT">
      <class name="com.tests.LoginTest">
        <test-method status="PASS" signature="setup()[pri:0, instance:com.tests.LoginTest@27fe3806]" name="setup" is-config="true" duration-ms="4601" started-at="2019-12-30T00:30:28 GMT" finished-at="2019-12-30T00:30:33 GMT">
          <reporter-output>
          </reporter-output>
        </test-method> <!-- setup -->
        <test-method status="PASS" signature="freeCrmTitleTest()[pri:1, instance:com.tests.LoginTest@27fe3806]" name="freeCrmTitleTest" duration-ms="32" started-at="2019-12-30T00:30:33 GMT" finished-at="2019-12-30T00:30:33 GMT">
          <reporter-output>
          </reporter-output>
        </test-method> <!-- freeCrmTitleTest -->
        <test-method status="PASS" signature="tearDown()[pri:0, instance:com.tests.LoginTest@27fe3806]" name="tearDown" is-config="true" duration-ms="144" started-at="2019-12-30T00:30:33 GMT" finished-at="2019-12-30T00:30:33 GMT">
          <reporter-output>
          </reporter-output>
        </test-method> <!-- tearDown -->
        <test-method status="PASS" signature="setup()[pri:0, instance:com.tests.LoginTest@27fe3806]" name="setup" is-config="true" duration-ms="3553" started-at="2019-12-30T00:30:33 GMT" finished-at="2019-12-30T00:30:37 GMT">
          <reporter-output>
          </reporter-output>
        </test-method> <!-- setup -->
        <test-method status="PASS" signature="freemCRMLogoTest()[pri:2, instance:com.tests.LoginTest@27fe3806]" name="freemCRMLogoTest" duration-ms="88" started-at="2019-12-30T00:30:37 GMT" finished-at="2019-12-30T00:30:37 GMT">
          <reporter-output>
          </reporter-output>
        </test-method> <!-- freemCRMLogoTest -->
        <test-method status="PASS" signature="tearDown()[pri:0, instance:com.tests.LoginTest@27fe3806]" name="tearDown" is-config="true" duration-ms="173" started-at="2019-12-30T00:30:37 GMT" finished-at="2019-12-30T00:30:37 GMT">
          <reporter-output>
          </reporter-output>
        </test-method> <!-- tearDown -->
      </class> <!-- com.tests.LoginTest -->
    </test> <!-- Default test -->
  </suite> <!-- Default suite -->
</testng-results>
